<?xml version="1.0" encoding="UTF-8"?>
<!-- Generated by org.testng.reporters.JUnitReportReporter -->
<testsuite hostname="Portmytech-pc-2" failures="0" tests="2" name="com.Test.frontPageTest" time="55.899" errors="0" timestamp="16 Aug 2020 06:22:58 GMT" skipped="1">
  <testcase classname="com.Test.frontPageTest" name="searchboxTest" time="55.899"/>
  <testcase classname="com.Test.frontPageTest" name="gmailLinkTest">
    <skipped/>
  </testcase> <!-- gmailLinkTest -->
</testsuite> <!-- com.Test.frontPageTest -->
