<?xml version="1.0" encoding="UTF-8"?>
<!-- Generated by org.testng.reporters.JUnitReportReporter -->
<testsuite hostname="Portmytech-pc-2" failures="0" tests="1" name="com.Test.frontPageTest" time="16.662" errors="0" timestamp="15 Aug 2020 14:22:17 GMT" skipped="0">
  <testcase classname="com.Test.frontPageTest" name="gmailLinkTest" time="16.662"/>
</testsuite> <!-- com.Test.frontPageTest -->
