<?xml version="1.0" encoding="UTF-8"?>
<!-- Generated by org.testng.reporters.JUnitReportReporter -->
<testsuite hostname="Portmytech-pc-2" failures="0" tests="1" name="com.Test.secondPageTest" time="17.748" errors="0" timestamp="18 Aug 2020 11:33:59 GMT" skipped="0">
  <testcase classname="com.Test.secondPageTest" name="getLinksTest" time="17.748"/>
</testsuite> <!-- com.Test.secondPageTest -->
