<?xml version="1.0" encoding="UTF-8"?>
<!-- Generated by org.testng.reporters.JUnitReportReporter -->
<testsuite hostname="Portmytech-pc-2" failures="0" tests="1" name="com.Test.secondPageTest" time="35.160" errors="0" timestamp="16 Aug 2020 06:34:48 GMT" skipped="0">
  <testcase classname="com.Test.secondPageTest" name="getLinksTest" time="35.160"/>
</testsuite> <!-- com.Test.secondPageTest -->
