<?xml version="1.0" encoding="UTF-8"?>
<!-- Generated by org.testng.reporters.JUnitReportReporter -->
<testsuite hostname="Portmytech-pc-2" failures="0" tests="2" name="com.Test.frontPageTest" time="126.482" errors="0" timestamp="16 Aug 2020 06:08:14 GMT" skipped="0">
  <testcase classname="com.Test.frontPageTest" name="searchboxTest" time="21.179"/>
  <testcase classname="com.Test.frontPageTest" name="gmailLinkTest" time="105.303"/>
</testsuite> <!-- com.Test.frontPageTest -->
