<?xml version="1.0" encoding="UTF-8"?>
<!-- Generated by org.testng.reporters.JUnitReportReporter -->
<testsuite hostname="Portmytech-pc-2" failures="0" tests="1" name="com.Test.frontPageTest" time="8.836" errors="0" timestamp="18 Aug 2020 10:22:22 GMT" skipped="0">
  <testcase classname="com.Test.frontPageTest" name="searchboxTest" time="8.836"/>
</testsuite> <!-- com.Test.frontPageTest -->
