<?xml version="1.0" encoding="UTF-8"?>
<!-- Generated by org.testng.reporters.JUnitReportReporter -->
<testsuite hostname="Portmytech-pc-2" failures="0" tests="1" name="com.Test.frontPageTest" time="32.619" errors="0" timestamp="2020-08-16T10:20:06 IST" skipped="0">
  <testcase classname="com.Test.frontPageTest" name="gmailLinkTest" time="32.619"/>
  <system-out/>
</testsuite> <!-- com.Test.frontPageTest -->
